<?xml version="1.0" encoding="UTF-8"?>
<Site BuildName="(empty)"
	BuildStamp="20260922-1137-Experimental"
	Name="(empty)"
	Generator="ctest-3.28.3"
	CompilerName=""
	CompilerVersion=""
	OSName="Linux"
	Hostname="codespaces-848440"
	OSRelease="6.8.0-1064-azure"
	OSVersion="#72~22.04.1-Ubuntu SMP Wed Jul 22 23:39:45 UTC 2026"
	OSPlatform="x86_64"
	Is64Bits="1"
	VendorString="AuthenticAMD"
	VendorID="Advanced Micro Devices"
	FamilyID="25"
	ModelID="17"
	ProcessorCacheSize="1024"
	NumberOfLogicalCPU="2"
	NumberOfPhysicalCPU="1"
	TotalVirtualMemory="0"
	TotalPhysicalMemory="7942"
	LogicalProcessorsPerPhysical="2"
	ProcessorClockFrequency="2871.12"
	>
	<Testing>
		<StartDateTime>Sep 22 11:38 UTC</StartDateTime>
		<StartTestTime>1790077113</StartTestTime>
		<TestList/>
		<EndDateTime>Sep 22 11:38 UTC</EndDateTime>
		<EndTestTime>1790077113</EndTestTime>
		<ElapsedMinutes>0</ElapsedMinutes>
	</Testing>
</Site>
